<?xml version="1.0" encoding="UTF-8"?>
<!-- Generated by org.testng.reporters.JUnitXMLReporter -->
<testsuite ignored="1" hostname="PC-NamLe" failures="0" tests="1" name="Exclude Method Test" time="0.091" errors="0" timestamp="2025-06-06T14:03:50 ICT">
  <testcase classname="firstpackage.firstclass" name="SecondtMethod" time="0.012"/>
  <testcase classname="firstpackage.firstclass" name="FirstMethod" time="0.0">
    <ignored/>
  </testcase> <!-- FirstMethod -->
</testsuite> <!-- Exclude Method Test -->
