<?xml version="1.0" encoding="UTF-8"?>
<testng-results ignored="0" total="3" passed="3" failed="0" skipped="0">
  <reporter-output>
  </reporter-output>
  <suite started-at="2025-06-05T17:11:19 ICT" name="Default suite" finished-at="2025-06-05T17:11:38 ICT" duration-ms="18901">
    <groups>
    </groups>
    <test started-at="2025-06-05T17:11:19 ICT" name="Default test" finished-at="2025-06-05T17:11:38 ICT" duration-ms="18901">
      <class name="firsttestngpackage.AutomationTestNG">
        <test-method is-config="true" signature="beforeTest()[pri:0, instance:firsttestngpackage.AutomationTestNG@229c6181]" started-at="2025-06-05T17:11:19 ICT" name="beforeTest" finished-at="2025-06-05T17:11:21 ICT" duration-ms="1887" status="PASS">
          <reporter-output>
          </reporter-output>
        </test-method> <!-- beforeTest -->
        <test-method signature="demoOne()[pri:1, instance:firsttestngpackage.AutomationTestNG@229c6181]" started-at="2025-06-05T17:11:21 ICT" name="demoOne" finished-at="2025-06-05T17:11:28 ICT" duration-ms="7135" status="PASS">
          <reporter-output>
          </reporter-output>
        </test-method> <!-- demoOne -->
        <test-method signature="demoTwo()[pri:2, instance:firsttestngpackage.AutomationTestNG@229c6181]" started-at="2025-06-05T17:11:28 ICT" name="demoTwo" finished-at="2025-06-05T17:11:32 ICT" duration-ms="4051" status="PASS">
          <reporter-output>
          </reporter-output>
        </test-method> <!-- demoTwo -->
        <test-method signature="demoThree()[pri:3, instance:firsttestngpackage.AutomationTestNG@229c6181]" started-at="2025-06-05T17:11:32 ICT" name="demoThree" finished-at="2025-06-05T17:11:35 ICT" duration-ms="3293" status="PASS">
          <reporter-output>
          </reporter-output>
        </test-method> <!-- demoThree -->
        <test-method is-config="true" signature="afterTest()[pri:0, instance:firsttestngpackage.AutomationTestNG@229c6181]" started-at="2025-06-05T17:11:35 ICT" name="afterTest" finished-at="2025-06-05T17:11:38 ICT" duration-ms="2453" status="PASS">
          <reporter-output>
          </reporter-output>
        </test-method> <!-- afterTest -->
      </class> <!-- firsttestngpackage.AutomationTestNG -->
    </test> <!-- Default test -->
  </suite> <!-- Default suite -->
</testng-results>
