<?xml version="1.0" encoding="UTF-8"?>
<testng-results ignored="0" total="1" passed="1" failed="0" skipped="0">
  <reporter-output>
  </reporter-output>
  <suite started-at="2025-06-20T17:24:50 ICT" name="Default suite" finished-at="2025-06-20T17:25:01 ICT" duration-ms="11126">
    <groups>
    </groups>
    <test started-at="2025-06-20T17:24:50 ICT" name="Default test" finished-at="2025-06-20T17:25:01 ICT" duration-ms="11126">
      <class name="com.nam.qa.practice.CartTest">
        <test-method is-config="true" signature="SetUp()[pri:0, instance:com.nam.qa.practice.CartTest@5a7fe64f]" started-at="2025-06-20T17:24:50 ICT" name="SetUp" finished-at="2025-06-20T17:24:54 ICT" duration-ms="4037" status="PASS">
          <reporter-output>
          </reporter-output>
        </test-method> <!-- SetUp -->
        <test-method is-config="true" signature="setup()[pri:0, instance:com.nam.qa.practice.CartTest@5a7fe64f]" started-at="2025-06-20T17:24:54 ICT" name="setup" finished-at="2025-06-20T17:24:55 ICT" duration-ms="1002" status="PASS">
          <reporter-output>
          </reporter-output>
        </test-method> <!-- setup -->
        <test-method signature="TestRemoveProductFromCartPage()[pri:7, instance:com.nam.qa.practice.CartTest@5a7fe64f]" started-at="2025-06-20T17:24:55 ICT" name="TestRemoveProductFromCartPage" finished-at="2025-06-20T17:24:57 ICT" duration-ms="2415" status="PASS">
          <reporter-output>
          </reporter-output>
        </test-method> <!-- TestRemoveProductFromCartPage -->
        <test-method is-config="true" signature="TearDown()[pri:0, instance:com.nam.qa.practice.CartTest@5a7fe64f]" started-at="2025-06-20T17:24:57 ICT" name="TearDown" finished-at="2025-06-20T17:25:01 ICT" duration-ms="3425" status="PASS">
          <reporter-output>
          </reporter-output>
        </test-method> <!-- TearDown -->
      </class> <!-- com.nam.qa.practice.CartTest -->
    </test> <!-- Default test -->
  </suite> <!-- Default suite -->
</testng-results>
