<?xml version="1.0" encoding="UTF-8"?>
<!-- Generated by org.testng.reporters.JUnitXMLReporter -->
<testsuite ignored="0" hostname="PC-NamLe" failures="0" tests="9" name="Run All Tests" time="28.917" errors="0" timestamp="2025-06-18T16:49:36 ICT">
  <testcase classname="com.nam.qa.practice.SingInTest" name="LoginValid" time="1.725"/>
  <testcase classname="com.nam.qa.practice.SingInTest" name="LoginwithInvalidName" time="0.41"/>
  <testcase classname="com.nam.qa.practice.SingInTest" name="LoginwithInvalidPassWord" time="0.357"/>
  <testcase classname="com.nam.qa.practice.SingInTest" name="LoginwithEmptyName" time="0.395"/>
  <testcase classname="com.nam.qa.practice.SingInTest" name="LoginwithEmptyPassWord" time="0.338"/>
  <testcase classname="com.nam.qa.practice.SortProductTest" name="TestSort_AtoZ" time="2.392"/>
  <testcase classname="com.nam.qa.practice.SortProductTest" name="TestSort_ZtoA" time="2.378"/>
  <testcase classname="com.nam.qa.practice.SortProductTest" name="TestSort_LowtoHigh" time="2.309"/>
  <testcase classname="com.nam.qa.practice.SortProductTest" name="TestSort_HightoLow" time="2.344"/>
</testsuite> <!-- Run All Tests -->
