<?xml version="1.0" encoding="UTF-8"?>
<testng-results ignored="0" total="1" passed="1" failed="0" skipped="0">
  <reporter-output>
  </reporter-output>
  <suite started-at="2025-06-16T15:55:13 ICT" name="SauceDemo Login Suite" finished-at="2025-06-16T15:55:27 ICT" duration-ms="13940">
    <groups>
    </groups>
    <test started-at="2025-06-16T15:55:13 ICT" name="SauceDemo Login Test" finished-at="2025-06-16T15:55:27 ICT" duration-ms="13940">
      <class name="com.anhtester.testcases.SignInTest">
        <test-method is-config="true" signature="initializeTestBaseSetup(java.lang.String,java.lang.String)[pri:0, instance:com.anhtester.testcases.SignInTest@6d4d66d2]" started-at="2025-06-16T15:55:13 ICT" name="initializeTestBaseSetup" finished-at="2025-06-16T15:55:15 ICT" duration-ms="2283" status="PASS">
          <params>
            <param index="0">
              <value>
                <![CDATA[chrome]]>
              </value>
            </param>
            <param index="1">
              <value>
                <![CDATA[https://www.saucedemo.com/]]>
              </value>
            </param>
          </params>
          <reporter-output>
          </reporter-output>
        </test-method> <!-- initializeTestBaseSetup -->
        <test-method is-config="true" signature="setUp()[pri:0, instance:com.anhtester.testcases.SignInTest@6d4d66d2]" started-at="2025-06-16T15:55:15 ICT" name="setUp" finished-at="2025-06-16T15:55:16 ICT" duration-ms="120" status="PASS">
          <reporter-output>
          </reporter-output>
        </test-method> <!-- setUp -->
        <test-method signature="testLoginWithValidCredentials()[pri:0, instance:com.anhtester.testcases.SignInTest@6d4d66d2]" started-at="2025-06-16T15:55:16 ICT" name="testLoginWithValidCredentials" finished-at="2025-06-16T15:55:25 ICT" duration-ms="9169" status="PASS">
          <reporter-output>
          </reporter-output>
        </test-method> <!-- testLoginWithValidCredentials -->
        <test-method is-config="true" signature="tearDown()[pri:0, instance:com.anhtester.testcases.SignInTest@6d4d66d2]" started-at="2025-06-16T15:55:25 ICT" name="tearDown" finished-at="2025-06-16T15:55:27 ICT" duration-ms="2314" status="PASS">
          <reporter-output>
          </reporter-output>
        </test-method> <!-- tearDown -->
      </class> <!-- com.anhtester.testcases.SignInTest -->
    </test> <!-- SauceDemo Login Test -->
  </suite> <!-- SauceDemo Login Suite -->
</testng-results>
