<?xml version="1.0" encoding="UTF-8"?>
<!-- Generated by org.testng.reporters.JUnitXMLReporter -->
<testsuite ignored="0" hostname="PC-NamLe" failures="0" tests="3" name="Default test" time="18.901" errors="0" timestamp="2025-06-05T17:11:38 ICT">
  <testcase classname="firsttestngpackage.AutomationTestNG" name="demoOne" time="7.135"/>
  <testcase classname="firsttestngpackage.AutomationTestNG" name="demoTwo" time="4.051"/>
  <testcase classname="firsttestngpackage.AutomationTestNG" name="demoThree" time="3.293"/>
</testsuite> <!-- Default test -->
