<?xml version="1.0" encoding="UTF-8"?>
<!-- Generated by org.testng.reporters.JUnitXMLReporter -->
<testsuite ignored="1" hostname="PC-NamLe" failures="2" tests="3" name="SmokeTestsOnly" time="13.436" errors="0" timestamp="2025-06-06T14:09:57 ICT">
  <testcase classname="firstpackage.firstclass" name="FirstMethod" time="7.701"/>
  <testcase classname="firstpackage.secondclass" name="FirstMethod" time="0.016">
    <failure type="java.lang.AssertionError" message="expected [true] but found [false]">
      <![CDATA[java.lang.AssertionError: expected [true] but found [false]
at firstpackage.secondclass.FirstMethod(secondclass.java:15)
at java.base/java.util.ArrayList.forEach(ArrayList.java:1511)
... Removed 31 stack frames]]>
    </failure>
  </testcase> <!-- FirstMethod -->
  <testcase classname="firstpackage.secondclass" name="SecondtMethod" time="5.64">
    <failure type="java.lang.AssertionError" message="expected [world] but found [hello]">
      <![CDATA[java.lang.AssertionError: expected [world] but found [hello]
at firstpackage.secondclass.SecondtMethod(secondclass.java:32)
at java.base/java.util.ArrayList.forEach(ArrayList.java:1511)
... Removed 33 stack frames]]>
    </failure>
  </testcase> <!-- SecondtMethod -->
  <testcase classname="firstpackage.firstclass" name="SecondtMethod" time="0.0">
    <ignored/>
  </testcase> <!-- SecondtMethod -->
</testsuite> <!-- SmokeTestsOnly -->
