<?xml version="1.0" encoding="UTF-8"?>
<!-- Generated by org.testng.reporters.JUnitXMLReporter -->
<testsuite ignored="0" hostname="PC-NamLe" failures="0" tests="4" name="Default test" time="17.832" errors="0" timestamp="2025-06-18T16:15:07 ICT">
  <testcase classname="com.nam.qa.practice.SortProductTest" name="TestSort_AtoZ" time="2.4"/>
  <testcase classname="com.nam.qa.practice.SortProductTest" name="TestSort_ZtoA" time="2.339"/>
  <testcase classname="com.nam.qa.practice.SortProductTest" name="TestSort_LowtoHigh" time="2.262"/>
  <testcase classname="com.nam.qa.practice.SortProductTest" name="TestSort_HightoLow" time="2.271"/>
</testsuite> <!-- Default test -->
