<?xml version="1.0" encoding="UTF-8"?>
<!-- Generated by org.testng.reporters.JUnitXMLReporter -->
<testsuite ignored="0" hostname="PC-NamLe" failures="0" tests="1" name="SauceDemo Login Tests" time="2.784" errors="0" timestamp="2025-06-13T16:17:52 ICT">
  <testcase classname="com.anhtester.testcases.SignInTest" name="@BeforeClass setUp" time="0.002">
    <failure type="java.lang.NullPointerException" message="Cannot invoke &amp;quot;org.openqa.selenium.WebDriver.get(String)&amp;quot; because &amp;quot;this.driver&amp;quot; is null">
      <![CDATA[java.lang.NullPointerException: Cannot invoke "org.openqa.selenium.WebDriver.get(String)" because "this.driver" is null
at com.anhtester.testcases.SignInTest.setUp(SignInTest.java:19)
at java.base/java.util.ArrayList.forEach(ArrayList.java:1511)
... Removed 25 stack frames]]>
    </failure>
  </testcase> <!-- @BeforeClass setUp -->
  <testcase classname="com.anhtester.base.BaseSetup" name="@AfterClass tearDown" time="0.0">
    <skipped/>
  </testcase> <!-- @AfterClass tearDown -->
  <testcase classname="com.anhtester.testcases.SignInTest" name="testLoginWithValidCredentials" time="0.0">
    <skipped/>
  </testcase> <!-- testLoginWithValidCredentials -->
</testsuite> <!-- SauceDemo Login Tests -->
