<?xml version="1.0" encoding="UTF-8"?>
<!-- Generated by org.testng.reporters.JUnitReportReporter -->
<testsuite hostname="PC-NamLe" failures="0" tests="4" name="com.nam.qa.practice.SortProductTest" time="9.423" errors="0" timestamp="2025-06-18T16:49:36 ICT" skipped="0">
  <testcase classname="com.nam.qa.practice.SortProductTest" name="TestSort_AtoZ" time="2.392"/>
  <testcase classname="com.nam.qa.practice.SortProductTest" name="TestSort_ZtoA" time="2.378"/>
  <testcase classname="com.nam.qa.practice.SortProductTest" name="TestSort_LowtoHigh" time="2.309"/>
  <testcase classname="com.nam.qa.practice.SortProductTest" name="TestSort_HightoLow" time="2.344"/>
</testsuite> <!-- com.nam.qa.practice.SortProductTest -->
