<?xml version="1.0" encoding="UTF-8"?>
<!-- Generated by org.testng.reporters.JUnitXMLReporter -->
<testsuite ignored="1" hostname="PC-NamLe" failures="0" tests="7" name="DemoFirstTest" time="16.879" errors="0" timestamp="2025-06-12T09:53:37 ICT">
  <testcase classname="secondpackage.firstclass" name="FirstMethod" time="0.01"/>
  <testcase classname="secondpackage.firstclass" name="SecondtMethod" time="0.015"/>
  <testcase classname="firstpackage.firstclass" name="FirstMethod" time="12.24"/>
  <testcase classname="secondpackage.secondclass" name="FirstMethod" time="0.007"/>
  <testcase classname="secondpackage.secondclass" name="SecondtMethod" time="0.006"/>
  <testcase classname="firstpackage.secondclass" name="FirstMethod" time="0.003"/>
  <testcase classname="firstpackage.secondclass" name="SecondtMethod" time="4.5"/>
  <testcase classname="firstpackage.firstclass" name="SecondtMethod" time="0.0">
    <ignored/>
  </testcase> <!-- SecondtMethod -->
</testsuite> <!-- DemoFirstTest -->
