<?xml version="1.0" encoding="UTF-8"?>
<!-- Generated by org.testng.reporters.JUnitXMLReporter -->
<testsuite ignored="0" hostname="PC-NamLe" failures="2" tests="4" name="Le Hoai Nam" time="10.134" errors="0" timestamp="2025-06-06T14:34:49 ICT">
  <testcase classname="TongPackage.pac1.firstclass" name="FirstMethod" time="5.795"/>
  <testcase classname="TongPackage.pac1.firstclass" name="SecondtMethod" time="0.002"/>
  <testcase classname="TongPackage.pac1.secondclass" name="FirstMethod" time="0.017">
    <failure type="java.lang.AssertionError" message="expected [true] but found [false]">
      <![CDATA[java.lang.AssertionError: expected [true] but found [false]
at TongPackage.pac1.secondclass.FirstMethod(secondclass.java:15)
at java.base/java.util.ArrayList.forEach(ArrayList.java:1511)
... Removed 31 stack frames]]>
    </failure>
  </testcase> <!-- FirstMethod -->
  <testcase classname="TongPackage.pac1.secondclass" name="SecondtMethod" time="4.238">
    <failure type="java.lang.AssertionError" message="expected [world] but found [hello]">
      <![CDATA[java.lang.AssertionError: expected [world] but found [hello]
at TongPackage.pac1.secondclass.SecondtMethod(secondclass.java:32)
at java.base/java.util.ArrayList.forEach(ArrayList.java:1511)
... Removed 33 stack frames]]>
    </failure>
  </testcase> <!-- SecondtMethod -->
</testsuite> <!-- Le Hoai Nam -->
